2023-11-09T13:40:49.129+09:00  INFO 8336 --- [main] c.m.m.MyDiaryServerApplication           : Starting MyDiaryServerApplication using Java 17.0.9 with PID 8336 (C:\project\my_diary_server\bin\main started by 82108 in C:\project\my_diary_server)
2023-11-09T13:40:49.147+09:00 DEBUG 8336 --- [main] c.m.m.MyDiaryServerApplication           : Running with Spring Boot v3.1.3, Spring v6.0.11
2023-11-09T13:40:49.148+09:00  INFO 8336 --- [main] c.m.m.MyDiaryServerApplication           : No active profile set, falling back to 1 default profile: "default"
2023-11-09T13:40:50.094+09:00  INFO 8336 --- [main] .s.d.r.c.RepositoryConfigurationDelegate : Bootstrapping Spring Data JPA repositories in DEFAULT mode.
2023-11-09T13:40:50.176+09:00  INFO 8336 --- [main] .s.d.r.c.RepositoryConfigurationDelegate : Finished Spring Data repository scanning in 74 ms. Found 10 JPA repository interfaces.
2023-11-09T13:40:50.700+09:00  INFO 8336 --- [main] o.s.b.w.embedded.tomcat.TomcatWebServer  : Tomcat initialized with port(s): 8080 (http)
2023-11-09T13:40:50.709+09:00  INFO 8336 --- [main] o.apache.catalina.core.StandardService   : Starting service [Tomcat]
2023-11-09T13:40:50.709+09:00  INFO 8336 --- [main] o.apache.catalina.core.StandardEngine    : Starting Servlet engine: [Apache Tomcat/10.1.12]
2023-11-09T13:40:50.826+09:00  INFO 8336 --- [main] o.a.c.c.C.[Tomcat].[localhost].[/]       : Initializing Spring embedded WebApplicationContext
2023-11-09T13:40:50.827+09:00  INFO 8336 --- [main] w.s.c.ServletWebServerApplicationContext : Root WebApplicationContext: initialization completed in 1645 ms
2023-11-09T13:40:50.938+09:00  INFO 8336 --- [main] o.hibernate.jpa.internal.util.LogHelper  : HHH000204: Processing PersistenceUnitInfo [name: default]
2023-11-09T13:40:51.002+09:00  INFO 8336 --- [main] org.hibernate.Version                    : HHH000412: Hibernate ORM core version 6.2.7.Final
2023-11-09T13:40:51.006+09:00  INFO 8336 --- [main] org.hibernate.cfg.Environment            : HHH000406: Using bytecode reflection optimizer
2023-11-09T13:40:51.183+09:00  INFO 8336 --- [main] o.h.b.i.BytecodeProviderInitiator        : HHH000021: Bytecode provider name : bytebuddy
2023-11-09T13:40:51.336+09:00  INFO 8336 --- [main] o.s.o.j.p.SpringPersistenceUnitInfo      : No LoadTimeWeaver setup: ignoring JPA class transformer
2023-11-09T13:40:51.363+09:00  INFO 8336 --- [main] com.zaxxer.hikari.HikariDataSource       : HikariPool-1 - Starting...
2023-11-09T13:40:51.800+09:00  INFO 8336 --- [main] com.zaxxer.hikari.pool.HikariPool        : HikariPool-1 - Added connection com.mysql.cj.jdbc.ConnectionImpl@523abba9
2023-11-09T13:40:51.805+09:00  INFO 8336 --- [main] com.zaxxer.hikari.HikariDataSource       : HikariPool-1 - Start completed.
2023-11-09T13:40:52.176+09:00  INFO 8336 --- [main] o.h.b.i.BytecodeProviderInitiator        : HHH000021: Bytecode provider name : bytebuddy
2023-11-09T13:40:53.002+09:00  INFO 8336 --- [main] o.h.e.t.j.p.i.JtaPlatformInitiator       : HHH000490: Using JtaPlatform implementation: [org.hibernate.engine.transaction.jta.platform.internal.NoJtaPlatform]
2023-11-09T13:40:53.725+09:00  INFO 8336 --- [main] j.LocalContainerEntityManagerFactoryBean : Initialized JPA EntityManagerFactory for persistence unit 'default'
2023-11-09T13:40:53.917+09:00  WARN 8336 --- [main] ocalVariableTableParameterNameDiscoverer : Using deprecated '-debug' fallback for parameter name resolution. Compile the affected code with '-parameters' instead or avoid its introspection: com.mydiary.my_diary_server.repository.RefreshTokenRepository
2023-11-09T13:40:54.016+09:00  WARN 8336 --- [main] ocalVariableTableParameterNameDiscoverer : Using deprecated '-debug' fallback for parameter name resolution. Compile the affected code with '-parameters' instead or avoid its introspection: com.mydiary.my_diary_server.repository.UserRepository
2023-11-09T13:40:54.091+09:00 DEBUG 8336 --- [main] c.m.m.config.TokenAuthenticationFilter   : Filter 'tokenAuthenticationFilter' configured for use
2023-11-09T13:40:54.157+09:00  WARN 8336 --- [main] ocalVariableTableParameterNameDiscoverer : Using deprecated '-debug' fallback for parameter name resolution. Compile the affected code with '-parameters' instead or avoid its introspection: com.mydiary.my_diary_server.repository.CommentRepository
2023-11-09T13:40:54.187+09:00  WARN 8336 --- [main] ocalVariableTableParameterNameDiscoverer : Using deprecated '-debug' fallback for parameter name resolution. Compile the affected code with '-parameters' instead or avoid its introspection: com.mydiary.my_diary_server.repository.DiaryRepository
2023-11-09T13:40:54.214+09:00  WARN 8336 --- [main] ocalVariableTableParameterNameDiscoverer : Using deprecated '-debug' fallback for parameter name resolution. Compile the affected code with '-parameters' instead or avoid its introspection: com.mydiary.my_diary_server.repository.MessageRepository
2023-11-09T13:40:54.270+09:00  WARN 8336 --- [main] ocalVariableTableParameterNameDiscoverer : Using deprecated '-debug' fallback for parameter name resolution. Compile the affected code with '-parameters' instead or avoid its introspection: com.mydiary.my_diary_server.repository.UserInfoRepository
2023-11-09T13:40:54.360+09:00  WARN 8336 --- [main] JpaBaseConfiguration$JpaWebConfiguration : spring.jpa.open-in-view is enabled by default. Therefore, database queries may be performed during view rendering. Explicitly configure spring.jpa.open-in-view to disable this warning
2023-11-09T13:40:54.634+09:00  INFO 8336 --- [main] o.s.s.web.DefaultSecurityFilterChain     : Will secure any request with [org.springframework.security.web.session.DisableEncodeUrlFilter@11d474a, org.springframework.security.web.context.request.async.WebAsyncManagerIntegrationFilter@4be6531a, org.springframework.security.web.context.SecurityContextHolderFilter@61b11d35, org.springframework.security.web.header.HeaderWriterFilter@77732366, org.springframework.security.web.authentication.logout.LogoutFilter@caee26e, com.mydiary.my_diary_server.config.TokenAuthenticationFilter@36e11b60, org.springframework.security.web.savedrequest.RequestCacheAwareFilter@4b0df349, org.springframework.security.web.servletapi.SecurityContextHolderAwareRequestFilter@7c070e78, org.springframework.security.web.authentication.AnonymousAuthenticationFilter@21553c3a, org.springframework.security.web.session.SessionManagementFilter@5c883b3f, org.springframework.security.web.access.ExceptionTranslationFilter@6567de86, org.springframework.security.web.access.intercept.AuthorizationFilter@369f85c6]
2023-11-09T13:40:54.744+09:00  WARN 8336 --- [main] ion$DefaultTemplateResolverConfiguration : Cannot find template location: classpath:/templates/ (please add some templates, check your Thymeleaf configuration, or set spring.thymeleaf.check-template-location=false)
2023-11-09T13:40:54.901+09:00  WARN 8336 --- [main] o.s.s.c.a.web.builders.WebSecurity       : You are asking Spring Security to ignore Mvc [pattern='/img/**']. This is not recommended -- please use permitAll via HttpSecurity#authorizeHttpRequests instead.
2023-11-09T13:40:54.901+09:00  INFO 8336 --- [main] o.s.s.web.DefaultSecurityFilterChain     : Will not secure Mvc [pattern='/img/**']
2023-11-09T13:40:54.901+09:00  WARN 8336 --- [main] o.s.s.c.a.web.builders.WebSecurity       : You are asking Spring Security to ignore Mvc [pattern='/css/**']. This is not recommended -- please use permitAll via HttpSecurity#authorizeHttpRequests instead.
2023-11-09T13:40:54.901+09:00  INFO 8336 --- [main] o.s.s.web.DefaultSecurityFilterChain     : Will not secure Mvc [pattern='/css/**']
2023-11-09T13:40:54.901+09:00  WARN 8336 --- [main] o.s.s.c.a.web.builders.WebSecurity       : You are asking Spring Security to ignore Mvc [pattern='/js/**']. This is not recommended -- please use permitAll via HttpSecurity#authorizeHttpRequests instead.
2023-11-09T13:40:54.902+09:00  INFO 8336 --- [main] o.s.s.web.DefaultSecurityFilterChain     : Will not secure Mvc [pattern='/js/**']
2023-11-09T13:40:54.902+09:00  WARN 8336 --- [main] o.s.s.c.a.web.builders.WebSecurity       : You are asking Spring Security to ignore Mvc [pattern='/v3/api-docs/**']. This is not recommended -- please use permitAll via HttpSecurity#authorizeHttpRequests instead.
2023-11-09T13:40:54.902+09:00  INFO 8336 --- [main] o.s.s.web.DefaultSecurityFilterChain     : Will not secure Mvc [pattern='/v3/api-docs/**']
2023-11-09T13:40:54.902+09:00  WARN 8336 --- [main] o.s.s.c.a.web.builders.WebSecurity       : You are asking Spring Security to ignore Mvc [pattern='/swagger-ui/**']. This is not recommended -- please use permitAll via HttpSecurity#authorizeHttpRequests instead.
2023-11-09T13:40:54.902+09:00  INFO 8336 --- [main] o.s.s.web.DefaultSecurityFilterChain     : Will not secure Mvc [pattern='/swagger-ui/**']
2023-11-09T13:40:54.902+09:00  WARN 8336 --- [main] o.s.s.c.a.web.builders.WebSecurity       : You are asking Spring Security to ignore Mvc [pattern='/user/auth/kakao']. This is not recommended -- please use permitAll via HttpSecurity#authorizeHttpRequests instead.
2023-11-09T13:40:54.903+09:00  INFO 8336 --- [main] o.s.s.web.DefaultSecurityFilterChain     : Will not secure Mvc [pattern='/user/auth/kakao']
2023-11-09T13:40:54.903+09:00  WARN 8336 --- [main] o.s.s.c.a.web.builders.WebSecurity       : You are asking Spring Security to ignore Mvc [pattern='/api/diaries/read/**']. This is not recommended -- please use permitAll via HttpSecurity#authorizeHttpRequests instead.
2023-11-09T13:40:54.903+09:00  INFO 8336 --- [main] o.s.s.web.DefaultSecurityFilterChain     : Will not secure Mvc [pattern='/api/diaries/read/**']
2023-11-09T13:40:54.903+09:00  WARN 8336 --- [main] o.s.s.c.a.web.builders.WebSecurity       : You are asking Spring Security to ignore Mvc [pattern='/api/comments/read/**']. This is not recommended -- please use permitAll via HttpSecurity#authorizeHttpRequests instead.
2023-11-09T13:40:54.903+09:00  INFO 8336 --- [main] o.s.s.web.DefaultSecurityFilterChain     : Will not secure Mvc [pattern='/api/comments/read/**']
2023-11-09T13:40:54.904+09:00  WARN 8336 --- [main] o.s.s.c.a.web.builders.WebSecurity       : You are asking Spring Security to ignore Mvc [pattern='/api/diaries/mine/**']. This is not recommended -- please use permitAll via HttpSecurity#authorizeHttpRequests instead.
2023-11-09T13:40:54.904+09:00  INFO 8336 --- [main] o.s.s.web.DefaultSecurityFilterChain     : Will not secure Mvc [pattern='/api/diaries/mine/**']
2023-11-09T13:40:54.972+09:00  INFO 8336 --- [main] o.s.b.w.embedded.tomcat.TomcatWebServer  : Tomcat started on port(s): 8080 (http) with context path ''
2023-11-09T13:40:54.982+09:00  INFO 8336 --- [main] c.m.m.MyDiaryServerApplication           : Started MyDiaryServerApplication in 6.176 seconds (process running for 6.877)
2023-11-09T13:41:05.569+09:00  INFO 8336 --- [http-nio-8080-exec-1] o.a.c.c.C.[Tomcat].[localhost].[/]       : Initializing Spring DispatcherServlet 'dispatcherServlet'
2023-11-09T13:41:05.569+09:00  INFO 8336 --- [http-nio-8080-exec-1] o.s.web.servlet.DispatcherServlet        : Initializing Servlet 'dispatcherServlet'
2023-11-09T13:41:05.569+09:00  INFO 8336 --- [http-nio-8080-exec-1] o.s.web.servlet.DispatcherServlet        : Completed initialization in 0 ms
2023-11-09T13:41:05.627+09:00 DEBUG 8336 --- [http-nio-8080-exec-1] c.m.m.config.jwt.TokenProvider           : jwt parser start 
 token : null
2023-11-09T13:41:05.779+09:00 DEBUG 8336 --- [http-nio-8080-exec-3] c.m.m.config.jwt.TokenProvider           : jwt parser start 
 token : null
2023-11-09T13:41:05.779+09:00 DEBUG 8336 --- [http-nio-8080-exec-2] c.m.m.config.jwt.TokenProvider           : jwt parser start 
 token : null
2023-11-09T13:41:05.787+09:00 DEBUG 8336 --- [http-nio-8080-exec-5] c.m.m.config.jwt.TokenProvider           : jwt parser start 
 token : null
2023-11-09T13:41:05.787+09:00 DEBUG 8336 --- [http-nio-8080-exec-6] c.m.m.config.jwt.TokenProvider           : jwt parser start 
 token : null
2023-11-09T13:41:05.787+09:00 DEBUG 8336 --- [http-nio-8080-exec-4] c.m.m.config.jwt.TokenProvider           : jwt parser start 
 token : null
2023-11-09T13:41:06.093+09:00 DEBUG 8336 --- [http-nio-8080-exec-7] c.m.m.config.jwt.TokenProvider           : jwt parser start 
 token : null
2023-11-09T13:41:06.236+09:00 DEBUG 8336 --- [http-nio-8080-exec-8] c.m.m.config.jwt.TokenProvider           : jwt parser start 
 token : null
2023-11-09T13:41:06.344+09:00  WARN 8336 --- [http-nio-8080-exec-8] ocalVariableTableParameterNameDiscoverer : Using deprecated '-debug' fallback for parameter name resolution. Compile the affected code with '-parameters' instead or avoid its introspection: com.mydiary.my_diary_server.controller.SettingController
2023-11-09T13:41:06.659+09:00  WARN 8336 --- [http-nio-8080-exec-8] ocalVariableTableParameterNameDiscoverer : Using deprecated '-debug' fallback for parameter name resolution. Compile the affected code with '-parameters' instead or avoid its introspection: com.mydiary.my_diary_server.controller.ProfileController
2023-11-09T13:41:06.802+09:00  WARN 8336 --- [http-nio-8080-exec-8] ocalVariableTableParameterNameDiscoverer : Using deprecated '-debug' fallback for parameter name resolution. Compile the affected code with '-parameters' instead or avoid its introspection: com.mydiary.my_diary_server.controller.DiaryApiController
2023-11-09T13:41:06.842+09:00  WARN 8336 --- [http-nio-8080-exec-8] ocalVariableTableParameterNameDiscoverer : Using deprecated '-debug' fallback for parameter name resolution. Compile the affected code with '-parameters' instead or avoid its introspection: com.mydiary.my_diary_server.controller.CalendarController
2023-11-09T13:41:06.953+09:00  WARN 8336 --- [http-nio-8080-exec-8] ocalVariableTableParameterNameDiscoverer : Using deprecated '-debug' fallback for parameter name resolution. Compile the affected code with '-parameters' instead or avoid its introspection: com.mydiary.my_diary_server.controller.CalendarEventController
2023-11-09T13:41:07.040+09:00  WARN 8336 --- [http-nio-8080-exec-8] ocalVariableTableParameterNameDiscoverer : Using deprecated '-debug' fallback for parameter name resolution. Compile the affected code with '-parameters' instead or avoid its introspection: com.mydiary.my_diary_server.controller.TestController
2023-11-09T13:41:07.042+09:00  WARN 8336 --- [http-nio-8080-exec-8] ocalVariableTableParameterNameDiscoverer : Using deprecated '-debug' fallback for parameter name resolution. Compile the affected code with '-parameters' instead or avoid its introspection: com.mydiary.my_diary_server.controller.TestController2
2023-11-09T13:41:07.059+09:00  WARN 8336 --- [http-nio-8080-exec-8] ocalVariableTableParameterNameDiscoverer : Using deprecated '-debug' fallback for parameter name resolution. Compile the affected code with '-parameters' instead or avoid its introspection: com.mydiary.my_diary_server.controller.UserInfoApiController
2023-11-09T13:41:07.076+09:00  WARN 8336 --- [http-nio-8080-exec-8] ocalVariableTableParameterNameDiscoverer : Using deprecated '-debug' fallback for parameter name resolution. Compile the affected code with '-parameters' instead or avoid its introspection: com.mydiary.my_diary_server.controller.TokenApiController
2023-11-09T13:41:07.136+09:00  WARN 8336 --- [http-nio-8080-exec-8] ocalVariableTableParameterNameDiscoverer : Using deprecated '-debug' fallback for parameter name resolution. Compile the affected code with '-parameters' instead or avoid its introspection: com.mydiary.my_diary_server.controller.MessageApiController
2023-11-09T13:41:07.170+09:00  WARN 8336 --- [http-nio-8080-exec-8] ocalVariableTableParameterNameDiscoverer : Using deprecated '-debug' fallback for parameter name resolution. Compile the affected code with '-parameters' instead or avoid its introspection: com.mydiary.my_diary_server.controller.CommentApiController
2023-11-09T13:41:07.288+09:00  WARN 8336 --- [http-nio-8080-exec-8] ocalVariableTableParameterNameDiscoverer : Using deprecated '-debug' fallback for parameter name resolution. Compile the affected code with '-parameters' instead or avoid its introspection: com.mydiary.my_diary_server.controller.UserController
2023-11-09T13:41:07.461+09:00  INFO 8336 --- [http-nio-8080-exec-8] o.springdoc.api.AbstractOpenApiResource  : Init duration for springdoc-openapi is: 1204 ms
2023-11-09T13:44:13.010+09:00  INFO 8336 --- [RMI TCP Connection(14)-127.0.0.1] inMXBeanRegistrar$SpringApplicationAdmin : Application shutdown requested.
2023-11-09T13:44:13.024+09:00  INFO 8336 --- [RMI TCP Connection(14)-127.0.0.1] o.apache.catalina.core.StandardService   : Stopping service [Tomcat]
2023-11-09T13:44:13.025+09:00  INFO 8336 --- [RMI TCP Connection(14)-127.0.0.1] o.a.c.c.C.[Tomcat].[localhost].[/]       : Destroying Spring FrameworkServlet 'dispatcherServlet'
2023-11-09T13:44:13.027+09:00  WARN 8336 --- [RMI TCP Connection(14)-127.0.0.1] o.a.c.loader.WebappClassLoaderBase       : The web application [ROOT] appears to have started a thread named [HikariPool-1 housekeeper] but has failed to stop it. This is very likely to create a memory leak. Stack trace of thread:
 java.base@17.0.9/jdk.internal.misc.Unsafe.park(Native Method)
 java.base@17.0.9/java.util.concurrent.locks.LockSupport.parkNanos(LockSupport.java:252)
 java.base@17.0.9/java.util.concurrent.locks.AbstractQueuedSynchronizer$ConditionObject.awaitNanos(AbstractQueuedSynchronizer.java:1672)
 java.base@17.0.9/java.util.concurrent.ScheduledThreadPoolExecutor$DelayedWorkQueue.take(ScheduledThreadPoolExecutor.java:1182)
 java.base@17.0.9/java.util.concurrent.ScheduledThreadPoolExecutor$DelayedWorkQueue.take(ScheduledThreadPoolExecutor.java:899)
 java.base@17.0.9/java.util.concurrent.ThreadPoolExecutor.getTask(ThreadPoolExecutor.java:1062)
 java.base@17.0.9/java.util.concurrent.ThreadPoolExecutor.runWorker(ThreadPoolExecutor.java:1122)
 java.base@17.0.9/java.util.concurrent.ThreadPoolExecutor$Worker.run(ThreadPoolExecutor.java:635)
 java.base@17.0.9/java.lang.Thread.run(Thread.java:842)
2023-11-09T13:44:13.033+09:00  INFO 8336 --- [RMI TCP Connection(14)-127.0.0.1] j.LocalContainerEntityManagerFactoryBean : Closing JPA EntityManagerFactory for persistence unit 'default'
2023-11-09T13:44:13.036+09:00  INFO 8336 --- [RMI TCP Connection(14)-127.0.0.1] com.zaxxer.hikari.HikariDataSource       : HikariPool-1 - Shutdown initiated...
2023-11-09T13:44:13.043+09:00  INFO 8336 --- [RMI TCP Connection(14)-127.0.0.1] com.zaxxer.hikari.HikariDataSource       : HikariPool-1 - Shutdown completed.
